<?xml version="1.0" encoding="UTF-8"?>
<!-- Generated by org.testng.reporters.JUnitXMLReporter -->
<testsuite ignored="0" hostname="DESKTOP-MN33QAB" failures="0" tests="2" name="NegativeTests" time="16.924" errors="0" timestamp="2022-05-04T12:59:20 BRT">
  <testcase classname="com.herokuapp.theinternet.NegativeTests" name="incorrectPasswordTest" time="5.779"/>
  <testcase classname="com.herokuapp.theinternet.NegativeTests" name="incorrectUsernameTest" time="11.137"/>
</testsuite> <!-- NegativeTests -->
