<?xml version="1.0" encoding="UTF-8"?>
<!-- Generated by org.testng.reporters.JUnitXMLReporter -->
<testsuite ignored="0" hostname="DESKTOP-MN33QAB" failures="0" tests="2" name="NegativeTests" time="22.657" errors="0" timestamp="2022-05-04T15:25:10 BRT">
  <testcase classname="com.herokuapp.theinternet.NegativeTests" name="incorrectUsernameTest" time="12.906"/>
  <testcase classname="com.herokuapp.theinternet.NegativeTests" name="incorrectPasswordTest" time="9.685"/>
</testsuite> <!-- NegativeTests -->
