<?xml version="1.0" encoding="UTF-8"?>
<!-- Generated by org.testng.reporters.JUnitXMLReporter -->
<testsuite ignored="1" hostname="DESKTOP-MN33QAB" failures="0" tests="1" name="NegativePasswordTests" time="9.325" errors="0" timestamp="2022-05-05T14:39:23 BRT">
  <testcase classname="com.herokuapp.theinternet.LoginTests" name="negativeLoginTest" time="1.158"/>
  <testcase classname="com.herokuapp.theinternet.LoginTests" name="positiveLoginTest" time="0.0">
    <ignored/>
  </testcase> <!-- positiveLoginTest -->
</testsuite> <!-- NegativePasswordTests -->
