<?xml version="1.0" encoding="UTF-8"?>
<!-- Generated by org.testng.reporters.JUnitXMLReporter -->
<testsuite ignored="1" hostname="DESKTOP-MN33QAB" failures="0" tests="1" name="PositiveTests" time="8.929" errors="0" timestamp="2022-05-05T14:39:07 BRT">
  <testcase classname="com.herokuapp.theinternet.LoginTests" name="positiveLoginTest" time="1.144"/>
  <testcase classname="com.herokuapp.theinternet.LoginTests" name="negativeLoginTest" time="0.0">
    <ignored/>
  </testcase> <!-- negativeLoginTest -->
</testsuite> <!-- PositiveTests -->
