<?xml version="1.0" encoding="UTF-8"?>
<!-- Generated by org.testng.reporters.JUnitXMLReporter -->
<testsuite ignored="0" hostname="DESKTOP-MN33QAB" failures="0" tests="2" name="NegativeUsernameTests" time="13.653" errors="0" timestamp="2022-05-05T12:08:22 BRT">
  <testcase classname="com.herokuapp.theinternet.LoginTests" name="positiveLoginTest" time="5.542"/>
  <testcase classname="com.herokuapp.theinternet.LoginTests" name="negativeLoginTest" time="8.091"/>
</testsuite> <!-- NegativeUsernameTests -->
