<?xml version="1.0" encoding="UTF-8"?>
<!-- Generated by org.testng.reporters.JUnitXMLReporter -->
<testsuite ignored="0" hostname="DESKTOP-MN33QAB" failures="0" tests="2" name="NegativePasswordTests" time="15.873" errors="0" timestamp="2022-05-05T12:08:38 BRT">
  <testcase classname="com.herokuapp.theinternet.LoginTests" name="positiveLoginTest" time="7.713"/>
  <testcase classname="com.herokuapp.theinternet.LoginTests" name="negativeLoginTest" time="8.146"/>
</testsuite> <!-- NegativePasswordTests -->
